This is pdfTeX, Version 3.141592653-2.6-1.40.25 (TeX Live 2023) (preloaded format=pdflatex 2023.5.18)  30 JUN 2023 16:44
entering extended mode
 restricted \write18 enabled.
 %&-line parsing enabled.
**project_description.tex
(./project_description.tex
LaTeX2e <2022-11-01> patch level 1
L3 programming layer <2023-05-15>
(/usr/local/texlive/2023/texmf-dist/tex/latex/amscls/amsart.cls
Document Class: amsart 2020/05/29 v2.20.6
\linespacing=\dimen140
\normalparindent=\dimen141
\normaltopskip=\skip48
(/usr/local/texlive/2023/texmf-dist/tex/latex/amsmath/amsmath.sty
Package: amsmath 2022/04/08 v2.17n AMS math features
\@mathmargin=\skip49

For additional information on amsmath, use the `?' option.
(/usr/local/texlive/2023/texmf-dist/tex/latex/amsmath/amstext.sty
Package: amstext 2021/08/26 v2.01 AMS text

(/usr/local/texlive/2023/texmf-dist/tex/latex/amsmath/amsgen.sty
File: amsgen.sty 1999/11/30 v2.0 generic functions
\@emptytoks=\toks16
\ex@=\dimen142
))
(/usr/local/texlive/2023/texmf-dist/tex/latex/amsmath/amsbsy.sty
Package: amsbsy 1999/11/29 v1.2d Bold Symbols
\pmbraise@=\dimen143
)
(/usr/local/texlive/2023/texmf-dist/tex/latex/amsmath/amsopn.sty
Package: amsopn 2022/04/08 v2.04 operator names
)
\inf@bad=\count185
LaTeX Info: Redefining \frac on input line 234.
\uproot@=\count186
\leftroot@=\count187
LaTeX Info: Redefining \overline on input line 399.
LaTeX Info: Redefining \colon on input line 410.
\classnum@=\count188
\DOTSCASE@=\count189
LaTeX Info: Redefining \ldots on input line 496.
LaTeX Info: Redefining \dots on input line 499.
LaTeX Info: Redefining \cdots on input line 620.
\Mathstrutbox@=\box51
\strutbox@=\box52
LaTeX Info: Redefining \big on input line 722.
LaTeX Info: Redefining \Big on input line 723.
LaTeX Info: Redefining \bigg on input line 724.
LaTeX Info: Redefining \Bigg on input line 725.
\big@size=\dimen144
LaTeX Font Info:    Redeclaring font encoding OML on input line 743.
LaTeX Font Info:    Redeclaring font encoding OMS on input line 744.
\macc@depth=\count190
LaTeX Info: Redefining \bmod on input line 905.
LaTeX Info: Redefining \pmod on input line 910.
LaTeX Info: Redefining \smash on input line 940.
LaTeX Info: Redefining \relbar on input line 970.
LaTeX Info: Redefining \Relbar on input line 971.
\c@MaxMatrixCols=\count191
\dotsspace@=\muskip16
\c@parentequation=\count192
\dspbrk@lvl=\count193
\tag@help=\toks17
\row@=\count194
\column@=\count195
\maxfields@=\count196
\andhelp@=\toks18
\eqnshift@=\dimen145
\alignsep@=\dimen146
\tagshift@=\dimen147
\tagwidth@=\dimen148
\totwidth@=\dimen149
\lineht@=\dimen150
\@envbody=\toks19
\multlinegap=\skip50
\multlinetaggap=\skip51
\mathdisplay@stack=\toks20
LaTeX Info: Redefining \[ on input line 2953.
LaTeX Info: Redefining \] on input line 2954.
)
LaTeX Font Info:    Trying to load font information for U+msa on input line 397
.

(/usr/local/texlive/2023/texmf-dist/tex/latex/amsfonts/umsa.fd
File: umsa.fd 2013/01/14 v3.01 AMS symbols A
)
(/usr/local/texlive/2023/texmf-dist/tex/latex/amsfonts/amsfonts.sty
Package: amsfonts 2013/01/14 v3.01 Basic AMSFonts support
\symAMSa=\mathgroup4
\symAMSb=\mathgroup5
LaTeX Font Info:    Redeclaring math symbol \hbar on input line 98.
LaTeX Font Info:    Overwriting math alphabet `\mathfrak' in version `bold'
(Font)                  U/euf/m/n --> U/euf/b/n on input line 106.
)
\copyins=\insert199
\abstractbox=\box53
\listisep=\skip52
\c@part=\count197
\c@section=\count198
\c@subsection=\count266
\c@subsubsection=\count267
\c@paragraph=\count268
\c@subparagraph=\count269
\c@figure=\count270
\c@table=\count271
\abovecaptionskip=\skip53
\belowcaptionskip=\skip54
\captionindent=\dimen151
\thm@style=\toks21
\thm@bodyfont=\toks22
\thm@headfont=\toks23
\thm@notefont=\toks24
\thm@headpunct=\toks25
\thm@preskip=\skip55
\thm@postskip=\skip56
\thm@headsep=\skip57
\dth@everypar=\toks26
)
(/usr/local/texlive/2023/texmf-dist/tex/latex/psnfss/palatino.sty
Package: palatino 2020/03/25 PSNFSS-v9.3 (SPQR) 
)
(/usr/local/texlive/2023/texmf-dist/tex/latex/amsfonts/amssymb.sty
Package: amssymb 2013/01/14 v3.01 AMS font symbols
)
(/usr/local/texlive/2023/texmf-dist/tex/latex/amsmath/amscd.sty
Package: amscd 2017/04/14 v2.1 AMS Commutative Diagrams
\athelp@=\toks27
\minaw@=\dimen152
\bigaw@=\dimen153
\minCDarrowwidth=\dimen154
)
(/usr/local/texlive/2023/texmf-dist/tex/latex/graphics/graphicx.sty
Package: graphicx 2021/09/16 v1.2d Enhanced LaTeX Graphics (DPC,SPQR)

(/usr/local/texlive/2023/texmf-dist/tex/latex/graphics/keyval.sty
Package: keyval 2022/05/29 v1.15 key=value parser (DPC)
\KV@toks@=\toks28
)
(/usr/local/texlive/2023/texmf-dist/tex/latex/graphics/graphics.sty
Package: graphics 2022/03/10 v1.4e Standard LaTeX Graphics (DPC,SPQR)

(/usr/local/texlive/2023/texmf-dist/tex/latex/graphics/trig.sty
Package: trig 2021/08/11 v1.11 sin cos tan (DPC)
)
(/usr/local/texlive/2023/texmf-dist/tex/latex/graphics-cfg/graphics.cfg
File: graphics.cfg 2016/06/04 v1.11 sample graphics configuration
)
Package graphics Info: Driver file: pdftex.def on input line 107.

(/usr/local/texlive/2023/texmf-dist/tex/latex/graphics-def/pdftex.def
File: pdftex.def 2022/09/22 v1.2b Graphics/color driver for pdftex
))
\Gin@req@height=\dimen155
\Gin@req@width=\dimen156
)
(/usr/local/texlive/2023/texmf-dist/tex/latex/caption/subcaption.sty
Package: subcaption 2023/02/19 v1.6 Sub-captions (AR)

(/usr/local/texlive/2023/texmf-dist/tex/latex/caption/caption.sty
Package: caption 2023/03/12 v3.6j Customizing captions (AR)

(/usr/local/texlive/2023/texmf-dist/tex/latex/caption/caption3.sty
Package: caption3 2023/03/12 v2.4 caption3 kernel (AR)
\caption@tempdima=\dimen157
\captionmargin=\dimen158
\caption@leftmargin=\dimen159
\caption@rightmargin=\dimen160
\caption@width=\dimen161
\caption@indent=\dimen162
\caption@parindent=\dimen163
\caption@hangindent=\dimen164
Package caption Info: AMS or SMF document class detected.

(/usr/local/texlive/2023/texmf-dist/tex/latex/caption/caption-ams-smf.sto
File: caption-ams-smf.sto 2020/08/22 v2.0 Adaption of the caption package to th
e AMS and SMF document classes (AR)
))
\c@caption@flags=\count272
\c@continuedfloat=\count273
)
Package caption Info: New subtype `subfigure' on input line 239.
\c@subfigure=\count274
Package caption Info: New subtype `subtable' on input line 239.
\c@subtable=\count275
)
(/usr/local/texlive/2023/texmf-dist/tex/generic/epsf/epsf.sty
This is `epsf.tex' v2.7.4 <14 February 2011>
\epsffilein=\read2
\epsfframemargin=\dimen165
\epsfframethickness=\dimen166
\epsfrsize=\dimen167
\epsftmp=\dimen168
\epsftsize=\dimen169
\epsfxsize=\dimen170
\epsfysize=\dimen171
\pspoints=\dimen172
) (/usr/local/texlive/2023/texmf-dist/tex/latex/cite/cite.sty
LaTeX Info: Redefining \cite on input line 302.
LaTeX Info: Redefining \nocite on input line 332.
Package: cite 2015/02/27  v 5.5
)
\c@thm=\count276
LaTeX Font Info:    Trying to load font information for OT1+ppl on input line 6
0.

(/usr/local/texlive/2023/texmf-dist/tex/latex/psnfss/ot1ppl.fd
File: ot1ppl.fd 2001/06/04 font definitions for OT1/ppl.
)
(/usr/local/texlive/2023/texmf-dist/tex/latex/l3backend/l3backend-pdftex.def
File: l3backend-pdftex.def 2023-04-19 L3 backend support: PDF output (pdfTeX)
\l__color_backend_stack_int=\count277
\l__pdf_internal_box=\box54
)
(./project_description.aux)
\openout1 = `project_description.aux'.

LaTeX Font Info:    Checking defaults for OML/cmm/m/it on input line 60.
LaTeX Font Info:    ... okay on input line 60.
LaTeX Font Info:    Checking defaults for OMS/cmsy/m/n on input line 60.
LaTeX Font Info:    ... okay on input line 60.
LaTeX Font Info:    Checking defaults for OT1/cmr/m/n on input line 60.
LaTeX Font Info:    ... okay on input line 60.
LaTeX Font Info:    Checking defaults for T1/cmr/m/n on input line 60.
LaTeX Font Info:    ... okay on input line 60.
LaTeX Font Info:    Checking defaults for TS1/cmr/m/n on input line 60.
LaTeX Font Info:    ... okay on input line 60.
LaTeX Font Info:    Checking defaults for OMX/cmex/m/n on input line 60.
LaTeX Font Info:    ... okay on input line 60.
LaTeX Font Info:    Checking defaults for U/cmr/m/n on input line 60.
LaTeX Font Info:    ... okay on input line 60.
LaTeX Font Info:    Trying to load font information for U+msa on input line 60.


(/usr/local/texlive/2023/texmf-dist/tex/latex/amsfonts/umsa.fd
File: umsa.fd 2013/01/14 v3.01 AMS symbols A
)
LaTeX Font Info:    Trying to load font information for U+msb on input line 60.


(/usr/local/texlive/2023/texmf-dist/tex/latex/amsfonts/umsb.fd
File: umsb.fd 2013/01/14 v3.01 AMS symbols B
)
(/usr/local/texlive/2023/texmf-dist/tex/context/base/mkii/supp-pdf.mkii
[Loading MPS to PDF converter (version 2006.09.02).]
\scratchcounter=\count278
\scratchdimen=\dimen173
\scratchbox=\box55
\nofMPsegments=\count279
\nofMParguments=\count280
\everyMPshowfont=\toks29
\MPscratchCnt=\count281
\MPscratchDim=\dimen174
\MPnumerator=\count282
\makeMPintoPDFobject=\count283
\everyMPtoPDFconversion=\toks30
) (/usr/local/texlive/2023/texmf-dist/tex/latex/epstopdf-pkg/epstopdf-base.sty
Package: epstopdf-base 2020-01-24 v2.11 Base part for package epstopdf
Package epstopdf-base Info: Redefining graphics rule for `.eps' on input line 4
85.

(/usr/local/texlive/2023/texmf-dist/tex/latex/latexconfig/epstopdf-sys.cfg
File: epstopdf-sys.cfg 2010/07/13 v1.3 Configuration of (r)epstopdf for TeX Liv
e
))
Package caption Info: Begin \AtBeginDocument code.
Package caption Info: End \AtBeginDocument code.
LaTeX Font Info:    Trying to load font information for TS1+ppl on input line 7
0.

(/usr/local/texlive/2023/texmf-dist/tex/latex/psnfss/ts1ppl.fd
File: ts1ppl.fd 2001/06/04 font definitions for TS1/ppl.
)
Underfull \vbox (badness 10000) has occurred while \output is active []

 [1{/usr/local/texlive/2023/texmf-var/fonts/map/pdftex/updmap/pdftex.map}{/usr/
local/texlive/2023/texmf-dist/fonts/enc/dvips/base/8r.enc}]
<figures/Oct30_plot1.png, id=14, 481.8pt x 361.35pt>
File: figures/Oct30_plot1.png Graphic file (type png)
<use figures/Oct30_plot1.png>
Package pdftex.def Info: figures/Oct30_plot1.png  used on input line 95.
(pdftex.def)             Requested size: 151.17038pt x 113.37372pt.
<figures/Aug11_plot2.png, id=15, 481.8pt x 361.35pt>
File: figures/Aug11_plot2.png Graphic file (type png)
<use figures/Aug11_plot2.png>
Package pdftex.def Info: figures/Aug11_plot2.png  used on input line 96.
(pdftex.def)             Requested size: 151.17038pt x 113.37372pt.
<figures/Aug11_plot1.png, id=16, 481.8pt x 361.35pt>
File: figures/Aug11_plot1.png Graphic file (type png)
<use figures/Aug11_plot1.png>
Package pdftex.def Info: figures/Aug11_plot1.png  used on input line 97.
(pdftex.def)             Requested size: 151.17038pt x 113.37372pt.
 [2 <./figures/Oct30_plot1.png> <./figures/Aug11_plot2.png> <./figures/Aug11_pl
ot1.png>]

pdfTeX warning: /usr/local/texlive/2023/bin/x86_64-linux/pdflatex (file ./figur
es/fields/colorbar.pdf): PDF inclusion: found PDF version <1.6>, but at most ve
rsion <1.5> allowed
<figures/fields/colorbar.pdf, id=24, 542.025pt x 108.405pt>
File: figures/fields/colorbar.pdf Graphic file (type pdf)
<use figures/fields/colorbar.pdf>
Package pdftex.def Info: figures/fields/colorbar.pdf  used on input line 107.
(pdftex.def)             Requested size: 160.04674pt x 32.00896pt.
<figures/fields/ey_phase_horn_t30.png, id=25, 481.8pt x 903.375pt>
File: figures/fields/ey_phase_horn_t30.png Graphic file (type png)
<use figures/fields/ey_phase_horn_t30.png>
Package pdftex.def Info: figures/fields/ey_phase_horn_t30.png  used on input li
ne 108.
(pdftex.def)             Requested size: 85.35826pt x 160.03659pt.
<figures/fields/ey_phase_horn_t60.png, id=26, 481.8pt x 903.375pt>
File: figures/fields/ey_phase_horn_t60.png Graphic file (type png)
<use figures/fields/ey_phase_horn_t60.png>
Package pdftex.def Info: figures/fields/ey_phase_horn_t60.png  used on input li
ne 109.
(pdftex.def)             Requested size: 85.35826pt x 160.03659pt.
<figures/fields/rad_patt_field.png, id=27, 292.09125pt x 278.03876pt>
File: figures/fields/rad_patt_field.png Graphic file (type png)
<use figures/fields/rad_patt_field.png>
Package pdftex.def Info: figures/fields/rad_patt_field.png  used on input line 
110.
(pdftex.def)             Requested size: 170.71652pt x 162.50989pt.

Underfull \hbox (badness 1616) in paragraph at lines 111--111
[]\OT1/ppl/m/sc/10 Figure 2.|[] \OT1/ppl/m/n/10 (Left) The horn ar-ray, ra-di-a
t-ing the lin-early po-lar-ized $[]\OT1/cmr/m/n/10 (\OML/cmm/m/it/10 x; y; t\OT
1/cmr/m/n/10 )$ \OT1/ppl/m/n/10 (y-
 []

<figures/blender_example.png, id=29, 1263.72125pt x 1038.88126pt>
File: figures/blender_example.png Graphic file (type png)
<use figures/blender_example.png>
Package pdftex.def Info: figures/blender_example.png  used on input line 116.
(pdftex.def)             Requested size: 183.23302pt x 150.62599pt.
<figures/3dprinter.jpg, id=30, 3035.34pt x 4047.12pt>
File: figures/3dprinter.jpg Graphic file (type jpg)
<use figures/3dprinter.jpg>
Package pdftex.def Info: figures/3dprinter.jpg  used on input line 117.
(pdftex.def)             Requested size: 114.52238pt x 152.65588pt.
<figures/3dprinter_2.jpg, id=31, 3035.34pt x 4047.12pt>
File: figures/3dprinter_2.jpg Graphic file (type jpg)
<use figures/3dprinter_2.jpg>
Package pdftex.def Info: figures/3dprinter_2.jpg  used on input line 118.
(pdftex.def)             Requested size: 114.52238pt x 152.65588pt.
<figures/multi3dllc.png, id=32, 910.40125pt x 396.48125pt>
File: figures/multi3dllc.png Graphic file (type png)
<use figures/multi3dllc.png>
Package pdftex.def Info: figures/multi3dllc.png  used on input line 126.
(pdftex.def)             Requested size: 389.37889pt x 84.39088pt.
[3 <./figures/fields/colorbar.pdf> <./figures/fields/ey_phase_horn_t30.png (PNG
 copy)> <./figures/fields/ey_phase_horn_t60.png (PNG copy)> <./figures/fields/r
ad_patt_field.png>]
<figures/3DHorn_CAD_0_5GHz_E_plane.png, id=46, 462.528pt x 346.896pt>
File: figures/3DHorn_CAD_0_5GHz_E_plane.png Graphic file (type png)
<use figures/3DHorn_CAD_0_5GHz_E_plane.png>
Package pdftex.def Info: figures/3DHorn_CAD_0_5GHz_E_plane.png  used on input l
ine 135.
(pdftex.def)             Requested size: 145.90178pt x 109.42632pt.
<figures/3DHorn_CAD_5GHz_E_plane.png, id=47, 462.528pt x 346.896pt>
File: figures/3DHorn_CAD_5GHz_E_plane.png Graphic file (type png)
<use figures/3DHorn_CAD_5GHz_E_plane.png>
Package pdftex.def Info: figures/3DHorn_CAD_5GHz_E_plane.png  used on input lin
e 136.
(pdftex.def)             Requested size: 145.90178pt x 109.42632pt.
<figures/3DHorn_CAD_0_5GHz_H_plane.png, id=48, 462.528pt x 346.896pt>
File: figures/3DHorn_CAD_0_5GHz_H_plane.png Graphic file (type png)
<use figures/3DHorn_CAD_0_5GHz_H_plane.png>
Package pdftex.def Info: figures/3DHorn_CAD_0_5GHz_H_plane.png  used on input l
ine 137.
(pdftex.def)             Requested size: 145.90178pt x 109.42632pt.
<figures/3DHorn_CAD_5GHz_H_plane.png, id=49, 462.528pt x 346.896pt>
File: figures/3DHorn_CAD_5GHz_H_plane.png Graphic file (type png)
<use figures/3DHorn_CAD_5GHz_H_plane.png>
Package pdftex.def Info: figures/3DHorn_CAD_5GHz_H_plane.png  used on input lin
e 138.
(pdftex.def)             Requested size: 145.90178pt x 109.42632pt.
<figures/vswr.png, id=50, 402.50375pt x 291.0875pt>
File: figures/vswr.png Graphic file (type png)
<use figures/vswr.png>
Package pdftex.def Info: figures/vswr.png  used on input line 143.
(pdftex.def)             Requested size: 136.05472pt x 98.39102pt.

Underfull \hbox (badness 3049) in paragraph at lines 144--144
[]\OT1/ppl/m/sc/9 (b) |\OT1/ppl/m/n/9 VSWR ver-sus fre-quency in
 []

[4 <./figures/blender_example.png> <./figures/3dprinter.jpg> <./figures/3dprint
er_2.jpg> <./figures/multi3dllc.png>] [5 <./figures/3DHorn_CAD_0_5GHz_E_plane.p
ng> <./figures/3DHorn_CAD_5GHz_E_plane.png> <./figures/3DHorn_CAD_0_5GHz_H_plan
e.png> <./figures/3DHorn_CAD_5GHz_H_plane.png> <./figures/vswr.png>] [6]
<figures/drone.jpg, id=68, 4047.12pt x 3035.34pt>
File: figures/drone.jpg Graphic file (type jpg)
<use figures/drone.jpg>
Package pdftex.def Info: figures/drone.jpg  used on input line 182.
(pdftex.def)             Requested size: 160.33412pt x 120.23503pt.

[7 <./figures/drone.jpg>] [8] [9] [10] [11] [12]

pdfTeX warning: /usr/local/texlive/2023/bin/x86_64-linux/pdflatex (file ./figur
es/project_planning/cem_project_gantt_yr1.pdf): PDF inclusion: found PDF versio
n <1.6>, but at most version <1.5> allowed
<figures/project_planning/cem_project_gantt_yr1.pdf, id=88, 542.025pt x 469.755
pt>
File: figures/project_planning/cem_project_gantt_yr1.pdf Graphic file (type pdf
)
<use figures/project_planning/cem_project_gantt_yr1.pdf>
Package pdftex.def Info: figures/project_planning/cem_project_gantt_yr1.pdf  us
ed on input line 328.
(pdftex.def)             Requested size: 453.51115pt x 138.21361pt.
File: figures/project_planning/cem_project_gantt_yr1.pdf Graphic file (type pdf
)
<use figures/project_planning/cem_project_gantt_yr1.pdf>
Package pdftex.def Info: figures/project_planning/cem_project_gantt_yr1.pdf  us
ed on input line 329.
(pdftex.def)             Requested size: 453.51115pt x 86.92365pt.
[13] [14] (./project_description.bbl [15 <./figures/project_planning/cem_projec
t_gantt_yr1.pdf>]
Underfull \vbox (badness 10000) has occurred while \output is active []

 [16]
Underfull \vbox (badness 10000) has occurred while \output is active []

 [17]
Underfull \vbox (badness 10000) has occurred while \output is active []

 [18])
[19] (./project_description.aux) ) 
Here is how much of TeX's memory you used:
 5133 strings out of 476097
 84543 string characters out of 5791138
 1875851 words of memory out of 5000000
 25281 multiletter control sequences out of 15000+600000
 529412 words of font info for 76 fonts, out of 8000000 for 9000
 1302 hyphenation exceptions out of 8191
 71i,9n,77p,1565b,540s stack positions out of 10000i,1000n,20000p,200000b,200000s
</usr/local/texlive/2023/texmf-dist/fonts/typ
e1/public/amsfonts/cm/cmmi10.pfb></usr/local/texlive/2023/texmf-dist/fonts/type
1/public/amsfonts/cm/cmmi9.pfb></usr/local/texlive/2023/texmf-dist/fonts/type1/
public/amsfonts/cm/cmr10.pfb></usr/local/texlive/2023/texmf-dist/fonts/type1/pu
blic/amsfonts/cm/cmr7.pfb></usr/local/texlive/2023/texmf-dist/fonts/type1/publi
c/amsfonts/cm/cmsy10.pfb></usr/local/texlive/2023/texmf-dist/fonts/type1/public
/amsfonts/cm/cmsy7.pfb></usr/local/texlive/2023/texmf-dist/fonts/type1/urw/pala
tino/uplb8a.pfb></usr/local/texlive/2023/texmf-dist/fonts/type1/urw/palatino/up
lbi8a.pfb></usr/local/texlive/2023/texmf-dist/fonts/type1/urw/palatino/uplr8a.p
fb></usr/local/texlive/2023/texmf-dist/fonts/type1/urw/palatino/uplri8a.pfb>
Output written on project_description.pdf (19 pages, 5704473 bytes).
PDF statistics:
 183 PDF objects out of 1000 (max. 8388607)
 98 compressed objects within 1 object stream
 0 named destinations out of 1000 (max. 500000)
 109 words of extra memory for PDF output out of 10000 (max. 10000000)

